<?xml version="1.0" encoding="UTF-8"?>
<!-- Generated by org.testng.reporters.JUnitXMLReporter -->
<testsuite ignored="0" hostname="DESKTOP-DB82FI2" failures="0" tests="3" name="Surefire test" time="11.501" errors="0" timestamp="2025-01-22T18:02:12 EET">
  <testcase classname="com.qacart.todo.testcases.LoginTest" name="loginTest" time="2.315"/>
  <testcase classname="com.qacart.todo.testcases.TodoTest" name="newTodoTest" time="7.326"/>
  <testcase classname="com.qacart.todo.testcases.TodoTest" name="deleteTodoTest" time="7.509"/>
</testsuite> <!-- Surefire test -->
