<?xml version="1.0" encoding="UTF-8"?>
<testng-results ignored="0" total="3" passed="3" failed="0" skipped="0">
  <reporter-output>
  </reporter-output>
  <suite started-at="2025-01-22T18:02:00 EET" name="Surefire suite" finished-at="2025-01-22T18:02:12 EET" duration-ms="11501">
    <groups>
    </groups>
    <test started-at="2025-01-22T18:02:00 EET" name="Surefire test" finished-at="2025-01-22T18:02:12 EET" duration-ms="11501">
      <class name="com.qacart.todo.testcases.LoginTest">
        <test-method is-config="true" signature="setup()[pri:0, instance:com.qacart.todo.testcases.LoginTest@15e0fe05]" started-at="2025-01-22T18:02:00 EET" name="setup" finished-at="2025-01-22T18:02:04 EET" duration-ms="3489" status="PASS">
          <reporter-output>
          </reporter-output>
        </test-method> <!-- setup -->
        <test-method signature="loginTest()[pri:0, instance:com.qacart.todo.testcases.LoginTest@15e0fe05]" started-at="2025-01-22T18:02:04 EET" name="loginTest" description="Test the login functionality" finished-at="2025-01-22T18:02:06 EET" duration-ms="2315" status="PASS">
          <reporter-output>
          </reporter-output>
        </test-method> <!-- loginTest -->
        <test-method is-config="true" signature="shutdown(org.testng.ITestResult)[pri:0, instance:com.qacart.todo.testcases.LoginTest@15e0fe05]" started-at="2025-01-22T18:02:06 EET" name="shutdown" finished-at="2025-01-22T18:02:07 EET" duration-ms="353" status="PASS">
          <params>
            <param index="0">
              <value>
                <![CDATA[[TestResult name=loginTest status=SUCCESS method=LoginTest.loginTest()[pri:0, instance:com.qacart.todo.testcases.LoginTest@15e0fe05] output={null}]]]>
              </value>
            </param>
          </params>
          <reporter-output>
          </reporter-output>
        </test-method> <!-- shutdown -->
      </class> <!-- com.qacart.todo.testcases.LoginTest -->
      <class name="com.qacart.todo.testcases.TodoTest">
        <test-method is-config="true" signature="setup()[pri:0, instance:com.qacart.todo.testcases.TodoTest@1128620c]" started-at="2025-01-22T18:02:00 EET" name="setup" finished-at="2025-01-22T18:02:04 EET" duration-ms="3489" status="PASS">
          <reporter-output>
          </reporter-output>
        </test-method> <!-- setup -->
        <test-method is-config="true" signature="setup()[pri:0, instance:com.qacart.todo.testcases.TodoTest@1128620c]" started-at="2025-01-22T18:02:00 EET" name="setup" finished-at="2025-01-22T18:02:04 EET" duration-ms="3489" status="PASS">
          <reporter-output>
          </reporter-output>
        </test-method> <!-- setup -->
        <test-method signature="deleteTodoTest()[pri:0, instance:com.qacart.todo.testcases.TodoTest@1128620c]" started-at="2025-01-22T18:02:04 EET" name="deleteTodoTest" description="Test deleting a new todo" finished-at="2025-01-22T18:02:11 EET" duration-ms="7509" status="PASS">
          <reporter-output>
          </reporter-output>
        </test-method> <!-- deleteTodoTest -->
        <test-method signature="newTodoTest()[pri:0, instance:com.qacart.todo.testcases.TodoTest@1128620c]" started-at="2025-01-22T18:02:04 EET" name="newTodoTest" description="Test creating a new todo" finished-at="2025-01-22T18:02:11 EET" duration-ms="7326" status="PASS">
          <reporter-output>
          </reporter-output>
        </test-method> <!-- newTodoTest -->
        <test-method is-config="true" signature="shutdown(org.testng.ITestResult)[pri:0, instance:com.qacart.todo.testcases.TodoTest@1128620c]" started-at="2025-01-22T18:02:11 EET" name="shutdown" finished-at="2025-01-22T18:02:12 EET" duration-ms="275" status="PASS">
          <params>
            <param index="0">
              <value>
                <![CDATA[[TestResult name=newTodoTest status=SUCCESS method=TodoTest.newTodoTest()[pri:0, instance:com.qacart.todo.testcases.TodoTest@1128620c] output={null}]]]>
              </value>
            </param>
          </params>
          <reporter-output>
          </reporter-output>
        </test-method> <!-- shutdown -->
        <test-method is-config="true" signature="shutdown(org.testng.ITestResult)[pri:0, instance:com.qacart.todo.testcases.TodoTest@1128620c]" started-at="2025-01-22T18:02:11 EET" name="shutdown" finished-at="2025-01-22T18:02:12 EET" duration-ms="258" status="PASS">
          <params>
            <param index="0">
              <value>
                <![CDATA[[TestResult name=deleteTodoTest status=SUCCESS method=TodoTest.deleteTodoTest()[pri:0, instance:com.qacart.todo.testcases.TodoTest@1128620c] output={null}]]]>
              </value>
            </param>
          </params>
          <reporter-output>
          </reporter-output>
        </test-method> <!-- shutdown -->
      </class> <!-- com.qacart.todo.testcases.TodoTest -->
    </test> <!-- Surefire test -->
  </suite> <!-- Surefire suite -->
</testng-results>
