<?xml version="1.0" encoding="UTF-8"?>
<testsuite xmlns:xsi="http://www.w3.org/2001/XMLSchema-instance" xsi:noNamespaceSchemaLocation="https://maven.apache.org/surefire/maven-surefire-plugin/xsd/surefire-test-report.xsd" version="3.0.2" name="TestSuite" time="12.538" tests="3" errors="0" skipped="0" failures="0">
  <properties>
[...]
</properties>
  <testcase name="loginTest" classname="com.qacart.todo.testcases.LoginTest" time="2.333">
    <system-err><![CDATA[SLF4J(W): No SLF4J providers were found.
SLF4J(W): Defaulting to no-operation (NOP) logger implementation
SLF4J(W): See https://www.slf4j.org/codes.html#noProviders for further details.
]]></system-err>
  </testcase>
  <testcase name="newTodoTest" classname="com.qacart.todo.testcases.TodoTest" time="7.322">
    <system-out><![CDATA[Request method:	POST
Request URI:	https://todo.qacart.com/api/v1/users/register
Proxy:			<none>
Request params:	<none>
Query params:	<none>
Form params:	<none>
Path params:	<none>
Headers:		Accept=*/*
				Content-Type=application/json
Cookies:		<none>
Multiparts:		<none>
Body:
{
    "firstName": "Jan",
    "lastName": "Pagac",
    "email": "gerda.murazik@yahoo.com",
    "password": "vgtn0yh3z96"
}
Request method:	POST
Request URI:	https://todo.qacart.com/api/v1/users/register
Proxy:			<none>
Request params:	<none>
Query params:	<none>
Form params:	<none>
Path params:	<none>
Headers:		Accept=*/*
				Content-Type=application/json
Cookies:		<none>
Multiparts:		<none>
Body:
{
    "firstName": "Nolan",
    "lastName": "Murray",
    "email": "colby.cruickshank@yahoo.com",
    "password": "j8n89lnvq"
}
HTTP/1.1 201 Created
Server: Cowboy
Report-To: {"group":"heroku-nel","max_age":3600,"endpoints":[{"url":"https://nel.heroku.com/reports?ts=1737561728&sid=812dcc77-0bd0-43b1-a5f1-b25750382959&s=IjSw3anchXgsOQ9cuoKQ8%2FwKF9Mj0dtUOqV7ZD91sa0%3D"}]}
Reporting-Endpoints: heroku-nel=https://nel.heroku.com/reports?ts=1737561728&sid=812dcc77-0bd0-43b1-a5f1-b25750382959&s=IjSw3anchXgsOQ9cuoKQ8%2FwKF9Mj0dtUOqV7ZD91sa0%3D
Nel: {"report_to":"heroku-nel","max_age":3600,"success_fraction":0.005,"failure_fraction":0.05,"response_headers":["Via"]}
Connection: keep-alive
X-Powered-By: Express
Access-Control-Allow-Origin: *
Set-Cookie: access_token=eyJhbGciOiJIUzI1NiIsInR5cCI6IkpXVCJ9.eyJpZCI6IjY3OTExNjgwM2RhMjQ3MDAxNGVlNWUxMyIsImZpcnN0TmFtZSI6IkphbiIsImxhc3ROYW1lIjoiUGFnYWMiLCJpYXQiOjE3Mzc1NjE3Mjh9.BS6fReODP712i1gso2j1b6FeHUmPuAFi2bCKe33xMrQ; Path=/
Set-Cookie: userID=j%3A%22679116803da2470014ee5e13%22; Path=/
Set-Cookie: firstName=Jan; Path=/
Content-Type: application/json; charset=utf-8
Content-Length: 270
Etag: W/"10e-UQ1t52xiLgsAe/Kz53vZ3f0ZNzs"
Date: Wed, 22 Jan 2025 16:02:08 GMT
Via: 1.1 vegur

{
    "access_token": "eyJhbGciOiJIUzI1NiIsInR5cCI6IkpXVCJ9.eyJpZCI6IjY3OTExNjgwM2RhMjQ3MDAxNGVlNWUxMyIsImZpcnN0TmFtZSI6IkphbiIsImxhc3ROYW1lIjoiUGFnYWMiLCJpYXQiOjE3Mzc1NjE3Mjh9.BS6fReODP712i1gso2j1b6FeHUmPuAFi2bCKe33xMrQ",
    "userID": "679116803da2470014ee5e13",
    "firstName": "Jan"
}
HTTP/1.1 201 Created
Server: Cowboy
Report-To: {"group":"heroku-nel","max_age":3600,"endpoints":[{"url":"https://nel.heroku.com/reports?ts=1737561728&sid=812dcc77-0bd0-43b1-a5f1-b25750382959&s=IjSw3anchXgsOQ9cuoKQ8%2FwKF9Mj0dtUOqV7ZD91sa0%3D"}]}
Reporting-Endpoints: heroku-nel=https://nel.heroku.com/reports?ts=1737561728&sid=812dcc77-0bd0-43b1-a5f1-b25750382959&s=IjSw3anchXgsOQ9cuoKQ8%2FwKF9Mj0dtUOqV7ZD91sa0%3D
Nel: {"report_to":"heroku-nel","max_age":3600,"success_fraction":0.005,"failure_fraction":0.05,"response_headers":["Via"]}
Connection: keep-alive
X-Powered-By: Express
Access-Control-Allow-Origin: *
Set-Cookie: access_token=eyJhbGciOiJIUzI1NiIsInR5cCI6IkpXVCJ9.eyJpZCI6IjY3OTExNjgwM2RhMjQ3MDAxNGVlNWUxNSIsImZpcnN0TmFtZSI6Ik5vbGFuIiwibGFzdE5hbWUiOiJNdXJyYXkiLCJpYXQiOjE3Mzc1NjE3Mjh9.mfZd03yqSD4HkW0-vpSY90VEwsTlrZnqnOVA3MPAlIY; Path=/
Set-Cookie: userID=j%3A%22679116803da2470014ee5e15%22; Path=/
Set-Cookie: firstName=Nolan; Path=/
Content-Type: application/json; charset=utf-8
Content-Length: 276
Etag: W/"114-UqxWrMrx5q31EnMPfC5vgz0dUoY"
Date: Wed, 22 Jan 2025 16:02:08 GMT
Via: 1.1 vegur

{
    "access_token": "eyJhbGciOiJIUzI1NiIsInR5cCI6IkpXVCJ9.eyJpZCI6IjY3OTExNjgwM2RhMjQ3MDAxNGVlNWUxNSIsImZpcnN0TmFtZSI6Ik5vbGFuIiwibGFzdE5hbWUiOiJNdXJyYXkiLCJpYXQiOjE3Mzc1NjE3Mjh9.mfZd03yqSD4HkW0-vpSY90VEwsTlrZnqnOVA3MPAlIY",
    "userID": "679116803da2470014ee5e15",
    "firstName": "Nolan"
}
HTTP/1.1 201 Created
Server: Cowboy
Report-To: {"group":"heroku-nel","max_age":3600,"endpoints":[{"url":"https://nel.heroku.com/reports?ts=1737561729&sid=812dcc77-0bd0-43b1-a5f1-b25750382959&s=m%2BvU6652kJ6BoyiZU0yV2vGBmjH6elA2Ga7nVZzod8Q%3D"}]}
Reporting-Endpoints: heroku-nel=https://nel.heroku.com/reports?ts=1737561729&sid=812dcc77-0bd0-43b1-a5f1-b25750382959&s=m%2BvU6652kJ6BoyiZU0yV2vGBmjH6elA2Ga7nVZzod8Q%3D
Nel: {"report_to":"heroku-nel","max_age":3600,"success_fraction":0.005,"failure_fraction":0.05,"response_headers":["Via"]}
Connection: keep-alive
X-Powered-By: Express
Access-Control-Allow-Origin: *
Content-Type: application/json; charset=utf-8
Content-Length: 161
Etag: W/"a1-DulvJgFGmYt/U6k9EJbE4+L7tZE"
Date: Wed, 22 Jan 2025 16:02:09 GMT
Via: 1.1 vegur

{
    "isCompleted": false,
    "_id": "679116813da2470014ee5e17",
    "item": "Learn Selenium",
    "userID": "679116803da2470014ee5e13",
    "createdAt": "2025-01-22T16:02:09.853Z",
    "__v": 0
}
]]></system-out>
  </testcase>
  <testcase name="deleteTodoTest" classname="com.qacart.todo.testcases.TodoTest" time="7.497"/>
</testsuite>